2023/04/25 19:40:54 [notice] 1#1: using the "epoll" event method
2023/04/25 19:40:54 [notice] 1#1: nginx/1.23.4
2023/04/25 19:40:54 [notice] 1#1: built by gcc 10.2.1 20210110 (Debian 10.2.1-6) 
2023/04/25 19:40:54 [notice] 1#1: OS: Linux 5.19.0-40-generic
2023/04/25 19:40:54 [notice] 1#1: getrlimit(RLIMIT_NOFILE): 1048576:1048576
2023/04/25 19:40:54 [notice] 1#1: start worker processes
2023/04/25 19:40:54 [notice] 1#1: start worker process 34
2023/04/25 19:40:54 [notice] 1#1: start worker process 35
2023/04/25 19:40:54 [notice] 1#1: start worker process 36
2023/04/25 19:40:54 [notice] 1#1: start worker process 37
2023/04/25 19:40:54 [notice] 1#1: start worker process 38
2023/04/25 19:40:54 [notice] 1#1: start worker process 39
2023/04/25 19:40:54 [notice] 1#1: start worker process 40
2023/04/25 19:40:54 [notice] 1#1: start worker process 41
2023/04/25 19:40:54 [notice] 1#1: start worker process 42
2023/04/25 19:40:54 [notice] 1#1: start worker process 43
2023/04/25 19:40:54 [notice] 1#1: start worker process 44
2023/04/25 19:40:54 [notice] 1#1: start worker process 45
2023/04/25 19:40:54 [notice] 1#1: start worker process 46
2023/04/25 19:40:54 [notice] 1#1: start worker process 47
2023/04/25 19:40:54 [notice] 1#1: start worker process 48
2023/04/25 19:40:54 [notice] 1#1: start worker process 49
2023/04/25 19:41:24 [notice] 1#1: signal 3 (SIGQUIT) received, shutting down
2023/04/25 19:41:24 [notice] 34#34: gracefully shutting down
2023/04/25 19:41:24 [notice] 35#35: gracefully shutting down
2023/04/25 19:41:24 [notice] 36#36: gracefully shutting down
2023/04/25 19:41:24 [notice] 37#37: gracefully shutting down
2023/04/25 19:41:24 [notice] 35#35: exiting
2023/04/25 19:41:24 [notice] 38#38: gracefully shutting down
2023/04/25 19:41:24 [notice] 36#36: exiting
2023/04/25 19:41:24 [notice] 43#43: gracefully shutting down
2023/04/25 19:41:24 [notice] 39#39: gracefully shutting down
2023/04/25 19:41:24 [notice] 37#37: exiting
2023/04/25 19:41:24 [notice] 44#44: gracefully shutting down
2023/04/25 19:41:24 [notice] 48#48: gracefully shutting down
2023/04/25 19:41:24 [notice] 38#38: exiting
2023/04/25 19:41:24 [notice] 49#49: gracefully shutting down
2023/04/25 19:41:24 [notice] 43#43: exiting
2023/04/25 19:41:24 [notice] 36#36: exit
2023/04/25 19:41:24 [notice] 35#35: exit
2023/04/25 19:41:24 [notice] 39#39: exiting
2023/04/25 19:41:24 [notice] 34#34: exiting
2023/04/25 19:41:24 [notice] 44#44: exiting
2023/04/25 19:41:24 [notice] 48#48: exiting
2023/04/25 19:41:24 [notice] 37#37: exit
2023/04/25 19:41:24 [notice] 49#49: exiting
2023/04/25 19:41:24 [notice] 38#38: exit
2023/04/25 19:41:24 [notice] 43#43: exit
2023/04/25 19:41:24 [notice] 39#39: exit
2023/04/25 19:41:24 [notice] 44#44: exit
2023/04/25 19:41:24 [notice] 49#49: exit
2023/04/25 19:41:24 [notice] 48#48: exit
2023/04/25 19:41:24 [notice] 42#42: gracefully shutting down
2023/04/25 19:41:24 [notice] 40#40: gracefully shutting down
2023/04/25 19:41:24 [notice] 41#41: gracefully shutting down
2023/04/25 19:41:24 [notice] 42#42: exiting
2023/04/25 19:41:24 [notice] 45#45: gracefully shutting down
2023/04/25 19:41:24 [notice] 40#40: exiting
2023/04/25 19:41:24 [notice] 41#41: exiting
2023/04/25 19:41:24 [notice] 45#45: exiting
2023/04/25 19:41:24 [notice] 46#46: gracefully shutting down
2023/04/25 19:41:24 [notice] 40#40: exit
2023/04/25 19:41:24 [notice] 42#42: exit
2023/04/25 19:41:24 [notice] 41#41: exit
2023/04/25 19:41:24 [notice] 46#46: exiting
2023/04/25 19:41:24 [notice] 47#47: gracefully shutting down
2023/04/25 19:41:24 [notice] 45#45: exit
2023/04/25 19:41:24 [notice] 46#46: exit
2023/04/25 19:41:24 [notice] 47#47: exiting
2023/04/25 19:41:24 [notice] 47#47: exit
2023/04/25 19:41:24 [notice] 34#34: exit
2023/04/25 19:41:24 [notice] 1#1: signal 17 (SIGCHLD) received from 39
2023/04/25 19:41:24 [notice] 1#1: worker process 35 exited with code 0
2023/04/25 19:41:24 [notice] 1#1: worker process 39 exited with code 0
2023/04/25 19:41:24 [notice] 1#1: worker process 47 exited with code 0
2023/04/25 19:41:24 [notice] 1#1: signal 29 (SIGIO) received
2023/04/25 19:41:24 [notice] 1#1: signal 17 (SIGCHLD) received from 38
2023/04/25 19:41:24 [notice] 1#1: worker process 38 exited with code 0
2023/04/25 19:41:24 [notice] 1#1: signal 29 (SIGIO) received
2023/04/25 19:41:24 [notice] 1#1: signal 17 (SIGCHLD) received from 43
2023/04/25 19:41:24 [notice] 1#1: worker process 43 exited with code 0
2023/04/25 19:41:24 [notice] 1#1: signal 29 (SIGIO) received
2023/04/25 19:41:24 [notice] 1#1: signal 17 (SIGCHLD) received from 44
2023/04/25 19:41:24 [notice] 1#1: worker process 40 exited with code 0
2023/04/25 19:41:24 [notice] 1#1: worker process 44 exited with code 0
2023/04/25 19:41:24 [notice] 1#1: worker process 45 exited with code 0
2023/04/25 19:41:24 [notice] 1#1: worker process 49 exited with code 0
2023/04/25 19:41:24 [notice] 1#1: signal 29 (SIGIO) received
2023/04/25 19:41:24 [notice] 1#1: signal 17 (SIGCHLD) received from 40
2023/04/25 19:41:24 [notice] 1#1: worker process 34 exited with code 0
2023/04/25 19:41:24 [notice] 1#1: worker process 41 exited with code 0
2023/04/25 19:41:24 [notice] 1#1: worker process 42 exited with code 0
2023/04/25 19:41:24 [notice] 1#1: worker process 48 exited with code 0
2023/04/25 19:41:24 [notice] 1#1: signal 29 (SIGIO) received
2023/04/25 19:41:24 [notice] 1#1: signal 17 (SIGCHLD) received from 46
2023/04/25 19:41:24 [notice] 1#1: worker process 46 exited with code 0
2023/04/25 19:41:24 [notice] 1#1: signal 29 (SIGIO) received
2023/04/25 19:41:24 [notice] 1#1: signal 17 (SIGCHLD) received from 37
2023/04/25 19:41:24 [notice] 1#1: worker process 36 exited with code 0
2023/04/25 19:41:24 [notice] 1#1: worker process 37 exited with code 0
2023/04/25 19:41:24 [notice] 1#1: exit
2023/04/27 19:28:17 [notice] 1#1: using the "epoll" event method
2023/04/27 19:28:17 [notice] 1#1: nginx/1.23.4
2023/04/27 19:28:17 [notice] 1#1: built by gcc 10.2.1 20210110 (Debian 10.2.1-6) 
2023/04/27 19:28:17 [notice] 1#1: OS: Linux 5.19.0-41-generic
2023/04/27 19:28:17 [notice] 1#1: getrlimit(RLIMIT_NOFILE): 1048576:1048576
2023/04/27 19:28:17 [notice] 1#1: start worker processes
2023/04/27 19:28:17 [notice] 1#1: start worker process 34
2023/04/27 19:28:17 [notice] 1#1: start worker process 35
2023/04/27 19:28:17 [notice] 1#1: start worker process 36
2023/04/27 19:28:17 [notice] 1#1: start worker process 37
2023/04/27 19:28:17 [notice] 1#1: start worker process 38
2023/04/27 19:28:17 [notice] 1#1: start worker process 39
2023/04/27 19:28:17 [notice] 1#1: start worker process 40
2023/04/27 19:28:17 [notice] 1#1: start worker process 41
2023/04/27 19:28:17 [notice] 1#1: start worker process 42
2023/04/27 19:28:17 [notice] 1#1: start worker process 43
2023/04/27 19:28:17 [notice] 1#1: start worker process 44
2023/04/27 19:28:17 [notice] 1#1: start worker process 45
2023/04/27 19:28:17 [notice] 1#1: start worker process 46
2023/04/27 19:28:17 [notice] 1#1: start worker process 47
2023/04/27 19:28:17 [notice] 1#1: start worker process 48
2023/04/27 19:28:17 [notice] 1#1: start worker process 49
